[35m[1mScanning dependencies of target template_drone_control_node[0m
[ 50%] [32mBuilding CXX object CMakeFiles/template_drone_control_node.dir/src/template_drone_control_node.cpp.o[0m
/home/lrs-ubuntu/LRS/ros2_ws_group_10/src/template_drone_control/src/template_drone_control_node.cpp:71:9: warning: multi-line comment [-Wcomment]
   71 |         // TODO: Arm and Take Off\
      |         ^
/home/lrs-ubuntu/LRS/ros2_ws_group_10/src/template_drone_control/src/template_drone_control_node.cpp:99:57: error: â€˜SetMavFrameâ€™ in namespace â€˜mavros_msgs::srvâ€™ does not name a type
   99 |         void setDesiredPosition(const mavros_msgs::srv::SetMavFrame::Request request, double x, double y, double z)
      |                                                         ^~~~~~~~~~~
/home/lrs-ubuntu/LRS/ros2_ws_group_10/src/template_drone_control/src/template_drone_control_node.cpp:99:78: error: expected unqualified-id before â€˜requestâ€™
   99 |         void setDesiredPosition(const mavros_msgs::srv::SetMavFrame::Request request, double x, double y, double z)
      |                                                                              ^~~~~~~
/home/lrs-ubuntu/LRS/ros2_ws_group_10/src/template_drone_control/src/template_drone_control_node.cpp:99:77: error: expected â€˜)â€™ before â€˜requestâ€™
   99 |         void setDesiredPosition(const mavros_msgs::srv::SetMavFrame::Request request, double x, double y, double z)
      |                                ~                                            ^~~~~~~~
      |                                                                             )
/home/lrs-ubuntu/LRS/ros2_ws_group_10/src/template_drone_control/src/template_drone_control_node.cpp:99:70: error: expected â€˜;â€™ at end of member declaration
   99 |         void setDesiredPosition(const mavros_msgs::srv::SetMavFrame::Request request, double x, double y, double z)
      |                                                                      ^~~~~~~
      |                                                                             ;
/home/lrs-ubuntu/LRS/ros2_ws_group_10/src/template_drone_control/src/template_drone_control_node.cpp:99:78: error: â€˜requestâ€™ does not name a type
   99 |         void setDesiredPosition(const mavros_msgs::srv::SetMavFrame::Request request, double x, double y, double z)
      |                                                                              ^~~~~~~
/home/lrs-ubuntu/LRS/ros2_ws_group_10/src/template_drone_control/src/template_drone_control_node.cpp: In constructor â€˜TemplateDroneControl::TemplateDroneControl()â€™:
/home/lrs-ubuntu/LRS/ros2_ws_group_10/src/template_drone_control/src/template_drone_control_node.cpp:84:27: error: â€˜mavros_msgs::srv::SetMavFrameâ€™ has not been declared
   84 |         mavros_msgs::srv::SetMavFrame::Request request;
      |                           ^~~~~~~~~~~
/home/lrs-ubuntu/LRS/ros2_ws_group_10/src/template_drone_control/src/template_drone_control_node.cpp: In member function â€˜void TemplateDroneControl::publish(geometry_msgs::msg::PoseStamped)â€™:
/home/lrs-ubuntu/LRS/ros2_ws_group_10/src/template_drone_control/src/template_drone_control_node.cpp:113:56: warning: unused parameter â€˜setpoint_to_sendâ€™ [-Wunused-parameter]
  113 |     void publish(const geometry_msgs::msg::PoseStamped setpoint_to_send)
      |                  ~~~~~~~~~~~~~~~~~~~~~~~~~~~~~~~~~~~~~~^~~~~~~~~~~~~~~~
/home/lrs-ubuntu/LRS/ros2_ws_group_10/src/template_drone_control/src/template_drone_control_node.cpp: In member function â€˜void TemplateDroneControl::local_pos_cb(geometry_msgs::msg::PoseStamped_<std::allocator<void> >::SharedPtr)â€™:
/home/lrs-ubuntu/LRS/ros2_ws_group_10/src/template_drone_control/src/template_drone_control_node.cpp:132:42: warning: statement has no effect [-Wunused-value]
  132 |         current_local_pos_.pose.position.x;
      |         ~~~~~~~~~~~~~~~~~~~~~~~~~~~~~~~~~^
/home/lrs-ubuntu/LRS/ros2_ws_group_10/src/template_drone_control/src/template_drone_control_node.cpp:133:42: warning: statement has no effect [-Wunused-value]
  133 |         current_local_pos_.pose.position.y;
      |         ~~~~~~~~~~~~~~~~~~~~~~~~~~~~~~~~~^
/home/lrs-ubuntu/LRS/ros2_ws_group_10/src/template_drone_control/src/template_drone_control_node.cpp:134:42: warning: statement has no effect [-Wunused-value]
  134 |         current_local_pos_.pose.position.z;
      |         ~~~~~~~~~~~~~~~~~~~~~~~~~~~~~~~~~^
make[2]: *** [CMakeFiles/template_drone_control_node.dir/build.make:63: CMakeFiles/template_drone_control_node.dir/src/template_drone_control_node.cpp.o] Error 1
make[1]: *** [CMakeFiles/Makefile2:105: CMakeFiles/template_drone_control_node.dir/all] Error 2
make: *** [Makefile:141: all] Error 2
